<?xml version="1.0" encoding="UTF-8"?>
<!-- Generated by org.testng.reporters.JUnitXMLReporter -->
<testsuite ignored="0" hostname="DESKTOP-GLJB1TD" failures="2" tests="2" name="Yahoo_finance_automation_project" time="24.715" errors="0" timestamp="2021-04-24T18:09:41 EEST">
  <testcase classname="com.finance.yahoo.test.testcases.YahooSignUp" name="executeTest" time="9.293">
    <failure type="java.lang.AssertionError" message="The following asserts failed:
	expected [This email address is not available for sign up, try something else] but found [],
	expected [Your password isn’t strong enough, try making it longer.] but found [],
	expected [That doesn’t look right, please re-enter your birthday.] but found []">
      <![CDATA[java.lang.AssertionError: The following asserts failed:
expected [This email address is not available for sign up, try something else] but found [],
expected [Your password isn’t strong enough, try making it longer.] but found [],
expected [That doesn’t look right, please re-enter your birthday.] but found []
at com.finance.yahoo.test.testcases.YahooSignUp.executeTest(YahooSignUp.java:40)
at java.base/java.util.ArrayList.forEach(ArrayList.java:1511)
at com.intellij.rt.testng.IDEARemoteTestNG.run(IDEARemoteTestNG.java:66)
at com.intellij.rt.testng.RemoteTestNGStarter.main(RemoteTestNGStarter.java:109)
... Removed 26 stack frames]]>
    </failure>
  </testcase> <!-- executeTest -->
  <testcase classname="com.finance.yahoo.test.testcases.YahooSignUp" name="executeTest" time="8.684">
    <failure type="java.lang.AssertionError" message="The following asserts failed:
	expected [This email address is not available for sign up, try something else] but found [],
	expected [Your password isn’t strong enough, try making it longer.] but found [],
	expected [That doesn’t look right, please re-enter your birthday.] but found []">
      <![CDATA[java.lang.AssertionError: The following asserts failed:
expected [This email address is not available for sign up, try something else] but found [],
expected [Your password isn’t strong enough, try making it longer.] but found [],
expected [That doesn’t look right, please re-enter your birthday.] but found []
at com.finance.yahoo.test.testcases.YahooSignUp.executeTest(YahooSignUp.java:40)
at java.base/java.util.ArrayList.forEach(ArrayList.java:1511)
at com.intellij.rt.testng.IDEARemoteTestNG.run(IDEARemoteTestNG.java:66)
at com.intellij.rt.testng.RemoteTestNGStarter.main(RemoteTestNGStarter.java:109)
... Removed 26 stack frames]]>
    </failure>
  </testcase> <!-- executeTest -->
</testsuite> <!-- Yahoo_finance_automation_project -->
