<html>
<head>
<title>TestNG:  Selenium Course Suite tests</title>
<link href="../testng.css" rel="stylesheet" type="text/css" />
<link href="../my-testng.css" rel="stylesheet" type="text/css" />

<style type="text/css">
.log { display: none;} 
.stack-trace { display: none;} 
</style>
<script type="text/javascript">
<!--
function flip(e) {
  current = e.style.display;
  if (current == 'block') {
    e.style.display = 'none';
    return 0;
  }
  else {
    e.style.display = 'block';
    return 1;
  }
}

function toggleBox(szDivId, elem, msg1, msg2)
{
  var res = -1;  if (document.getElementById) {
    res = flip(document.getElementById(szDivId));
  }
  else if (document.all) {
    // this is the way old msie versions work
    res = flip(document.all[szDivId]);
  }
  if(elem) {
    if(res == 0) elem.innerHTML = msg1; else elem.innerHTML = msg2;
  }

}

function toggleAllBoxes() {
  if (document.getElementsByTagName) {
    d = document.getElementsByTagName('div');
    for (i = 0; i < d.length; i++) {
      if (d[i].className == 'log') {
        flip(d[i]);
      }
    }
  }
}

// -->
</script>

</head>
<body>
<h2 align='center'>Selenium Course Suite tests</h2><table border='1' align="center">
<tr>
<td>Tests passed/Failed/Skipped:</td><td>2/2/0</td>
</tr><tr>
<td>Started on:</td><td>Sat Apr 24 18:41:02 EEST 2021</td>
</tr>
<tr><td>Total time:</td><td>44 seconds (44980 ms)</td>
</tr><tr>
<td>Included groups:</td><td></td>
</tr><tr>
<td>Excluded groups:</td><td></td>
</tr>
</table><p/>
<small><i>(Hover the method name to see the test class name)</i></small><p/>
<table width='100%' border='1' class='invocation-failed'>
<tr><td colspan='4' align='center'><b>FAILED TESTS</b></td></tr>
<tr><td><b>Test method</b></td>
<td width="30%"><b>Exception</b></td>
<td width="10%"><b>Time (seconds)</b></td>
<td><b>Instance</b></td>
</tr>
<tr>
<td title='com.finance.yahoo.test.testcases.YahooSignUp.executeTest()'><b>executeTest</b><br>Test class: com.finance.yahoo.test.testcases.YahooSignUp<br>Parameters: project, test, test, as, fdd, 3, f, f</td>
<td><div><pre>java.lang.AssertionError: The following asserts failed:
	expected [This email address is not available for sign up, try something else] but found [],
	expected [Your password isn’t strong enough, try making it longer.] but found [],
	expected [That doesn’t look right, please re-enter your birthday.] but found []
	at com.finance.yahoo.test.testcases.YahooSignUp.executeTest(YahooSignUp.java:40)
	at java.base/java.util.concurrent.ThreadPoolExecutor.runWorker(ThreadPoolExecutor.java:1130)
	at java.base/java.util.concurrent.ThreadPoolExecutor$Worker.run(ThreadPoolExecutor.java:630)
	at java.base/java.lang.Thread.run(Thread.java:832)
... Removed 14 stack frames</pre></div><a href='#' onClick='toggleBox("stack-trace862580591", this, "Click to show all stack frames", "Click to hide stack frames")'>Click to show all stack frames</a>
<div class='stack-trace' id='stack-trace862580591'><pre>java.lang.AssertionError: The following asserts failed:
	expected [This email address is not available for sign up, try something else] but found [],
	expected [Your password isn’t strong enough, try making it longer.] but found [],
	expected [That doesn’t look right, please re-enter your birthday.] but found []
	at org.testng.asserts.SoftAssert.assertAll(SoftAssert.java:47)
	at org.testng.asserts.SoftAssert.assertAll(SoftAssert.java:31)
	at com.finance.yahoo.test.testcases.YahooSignUp.executeTest(YahooSignUp.java:40)
	at java.base/jdk.internal.reflect.NativeMethodAccessorImpl.invoke0(Native Method)
	at java.base/jdk.internal.reflect.NativeMethodAccessorImpl.invoke(NativeMethodAccessorImpl.java:64)
	at java.base/jdk.internal.reflect.DelegatingMethodAccessorImpl.invoke(DelegatingMethodAccessorImpl.java:43)
	at java.base/java.lang.reflect.Method.invoke(Method.java:564)
	at org.testng.internal.MethodInvocationHelper.invokeMethod(MethodInvocationHelper.java:133)
	at org.testng.internal.TestInvoker.invokeMethod(TestInvoker.java:598)
	at org.testng.internal.TestInvoker.invokeTestMethod(TestInvoker.java:173)
	at org.testng.internal.MethodRunner.runInSequence(MethodRunner.java:46)
	at org.testng.internal.TestInvoker$MethodInvocationAgent.invoke(TestInvoker.java:824)
	at org.testng.internal.TestInvoker.invokeTestMethods(TestInvoker.java:146)
	at org.testng.internal.TestMethodWorker.invokeTestMethods(TestMethodWorker.java:146)
	at org.testng.internal.TestMethodWorker.run(TestMethodWorker.java:128)
	at java.base/java.util.concurrent.ThreadPoolExecutor.runWorker(ThreadPoolExecutor.java:1130)
	at java.base/java.util.concurrent.ThreadPoolExecutor$Worker.run(ThreadPoolExecutor.java:630)
	at java.base/java.lang.Thread.run(Thread.java:832)
</pre></div></td>
<td>16</td>
<td>com.finance.yahoo.test.testcases.YahooSignUp@123f1134</td></tr>
<tr>
<td title='com.finance.yahoo.test.testcases.YahooSignUp.executeTest()'><b>executeTest</b><br>Test class: com.finance.yahoo.test.testcases.YahooSignUp<br>Parameters: asdasd, asdasd, asdy, d, dad, 2, 4, 1</td>
<td><div><pre>java.lang.AssertionError: The following asserts failed:
	expected [This email address is not available for sign up, try something else] but found [],
	expected [Your password isn’t strong enough, try making it longer.] but found [],
	expected [That doesn’t look right, please re-enter your birthday.] but found []
	at com.finance.yahoo.test.testcases.YahooSignUp.executeTest(YahooSignUp.java:40)
	at java.base/java.util.concurrent.ThreadPoolExecutor.runWorker(ThreadPoolExecutor.java:1130)
	at java.base/java.util.concurrent.ThreadPoolExecutor$Worker.run(ThreadPoolExecutor.java:630)
	at java.base/java.lang.Thread.run(Thread.java:832)
... Removed 14 stack frames</pre></div><a href='#' onClick='toggleBox("stack-trace497602148", this, "Click to show all stack frames", "Click to hide stack frames")'>Click to show all stack frames</a>
<div class='stack-trace' id='stack-trace497602148'><pre>java.lang.AssertionError: The following asserts failed:
	expected [This email address is not available for sign up, try something else] but found [],
	expected [Your password isn’t strong enough, try making it longer.] but found [],
	expected [That doesn’t look right, please re-enter your birthday.] but found []
	at org.testng.asserts.SoftAssert.assertAll(SoftAssert.java:47)
	at org.testng.asserts.SoftAssert.assertAll(SoftAssert.java:31)
	at com.finance.yahoo.test.testcases.YahooSignUp.executeTest(YahooSignUp.java:40)
	at java.base/jdk.internal.reflect.NativeMethodAccessorImpl.invoke0(Native Method)
	at java.base/jdk.internal.reflect.NativeMethodAccessorImpl.invoke(NativeMethodAccessorImpl.java:64)
	at java.base/jdk.internal.reflect.DelegatingMethodAccessorImpl.invoke(DelegatingMethodAccessorImpl.java:43)
	at java.base/java.lang.reflect.Method.invoke(Method.java:564)
	at org.testng.internal.MethodInvocationHelper.invokeMethod(MethodInvocationHelper.java:133)
	at org.testng.internal.TestInvoker.invokeMethod(TestInvoker.java:598)
	at org.testng.internal.TestInvoker.invokeTestMethod(TestInvoker.java:173)
	at org.testng.internal.MethodRunner.runInSequence(MethodRunner.java:46)
	at org.testng.internal.TestInvoker$MethodInvocationAgent.invoke(TestInvoker.java:824)
	at org.testng.internal.TestInvoker.invokeTestMethods(TestInvoker.java:146)
	at org.testng.internal.TestMethodWorker.invokeTestMethods(TestMethodWorker.java:146)
	at org.testng.internal.TestMethodWorker.run(TestMethodWorker.java:128)
	at java.base/java.util.concurrent.ThreadPoolExecutor.runWorker(ThreadPoolExecutor.java:1130)
	at java.base/java.util.concurrent.ThreadPoolExecutor$Worker.run(ThreadPoolExecutor.java:630)
	at java.base/java.lang.Thread.run(Thread.java:832)
</pre></div></td>
<td>15</td>
<td>com.finance.yahoo.test.testcases.YahooSignUp@123f1134</td></tr>
</table><p>
<table width='100%' border='1' class='invocation-passed'>
<tr><td colspan='4' align='center'><b>PASSED TESTS</b></td></tr>
<tr><td><b>Test method</b></td>
<td width="30%"><b>Exception</b></td>
<td width="10%"><b>Time (seconds)</b></td>
<td><b>Instance</b></td>
</tr>
<tr>
<td title='com.finance.yahoo.test.testcases.CheckStatistics.executeTest()'><b>executeTest</b><br>Test class: com.finance.yahoo.test.testcases.CheckStatistics<br>Parameters: Amazon, N/A (N/A), 17.99</td>
<td></td>
<td>17</td>
<td>com.finance.yahoo.test.testcases.CheckStatistics@18a70f16</td></tr>
<tr>
<td title='com.finance.yahoo.test.testcases.CheckStatistics.executeTest()'><b>executeTest</b><br>Test class: com.finance.yahoo.test.testcases.CheckStatistics<br>Parameters: Apple, 0.82 (0.62%), 34.13</td>
<td></td>
<td>20</td>
<td>com.finance.yahoo.test.testcases.CheckStatistics@18a70f16</td></tr>
</table><p>
</body>
</html>