<?xml version="1.0" encoding="UTF-8"?>
<testng-results ignored="0" total="4" passed="2" failed="2" skipped="0">
  <reporter-output>
  </reporter-output>
  <suite started-at="2021-04-24T18:41:02 EEST" name="Test Demo Suite" finished-at="2021-04-24T18:41:47 EEST" duration-ms="44980">
    <groups>
    </groups>
    <test started-at="2021-04-24T18:41:02 EEST" name="Selenium Course Suite tests" finished-at="2021-04-24T18:41:47 EEST" duration-ms="44980">
      <class name="com.finance.yahoo.test.testcases.YahooSignUp">
        <test-method is-config="true" signature="setUp()[pri:0, instance:com.finance.yahoo.test.testcases.YahooSignUp@123f1134]" started-at="2021-04-24T18:41:02 EEST" name="setUp" finished-at="2021-04-24T18:41:06 EEST" duration-ms="3242" status="PASS">
          <reporter-output>
          </reporter-output>
        </test-method> <!-- setUp -->
        <test-method signature="executeTest(java.lang.String,java.lang.String,java.lang.String,java.lang.String,java.lang.String,java.lang.String,java.lang.String,java.lang.String)[pri:0, instance:com.finance.yahoo.test.testcases.YahooSignUp@123f1134]" started-at="2021-04-24T18:41:06 EEST" name="executeTest" data-provider="login-Data" finished-at="2021-04-24T18:41:22 EEST" duration-ms="16884" status="FAIL">
          <params>
            <param index="0">
              <value>
                <![CDATA[project]]>
              </value>
            </param>
            <param index="1">
              <value>
                <![CDATA[test]]>
              </value>
            </param>
            <param index="2">
              <value>
                <![CDATA[test]]>
              </value>
            </param>
            <param index="3">
              <value>
                <![CDATA[as]]>
              </value>
            </param>
            <param index="4">
              <value>
                <![CDATA[fdd]]>
              </value>
            </param>
            <param index="5">
              <value>
                <![CDATA[3]]>
              </value>
            </param>
            <param index="6">
              <value>
                <![CDATA[f]]>
              </value>
            </param>
            <param index="7">
              <value>
                <![CDATA[f]]>
              </value>
            </param>
          </params>
          <exception class="java.lang.AssertionError">
            <message>
              <![CDATA[The following asserts failed:
expected [This email address is not available for sign up, try something else] but found [],
expected [Your password isn’t strong enough, try making it longer.] but found [],
expected [That doesn’t look right, please re-enter your birthday.] but found []]]>
            </message>
            <full-stacktrace>
              <![CDATA[java.lang.AssertionError: The following asserts failed:
expected [This email address is not available for sign up, try something else] but found [],
expected [Your password isn’t strong enough, try making it longer.] but found [],
expected [That doesn’t look right, please re-enter your birthday.] but found []
at org.testng.asserts.SoftAssert.assertAll(SoftAssert.java:47)
at org.testng.asserts.SoftAssert.assertAll(SoftAssert.java:31)
at com.finance.yahoo.test.testcases.YahooSignUp.executeTest(YahooSignUp.java:40)
at java.base/jdk.internal.reflect.NativeMethodAccessorImpl.invoke0(Native Method)
at java.base/jdk.internal.reflect.NativeMethodAccessorImpl.invoke(NativeMethodAccessorImpl.java:64)
at java.base/jdk.internal.reflect.DelegatingMethodAccessorImpl.invoke(DelegatingMethodAccessorImpl.java:43)
at java.base/java.lang.reflect.Method.invoke(Method.java:564)
at org.testng.internal.MethodInvocationHelper.invokeMethod(MethodInvocationHelper.java:133)
at org.testng.internal.TestInvoker.invokeMethod(TestInvoker.java:598)
at org.testng.internal.TestInvoker.invokeTestMethod(TestInvoker.java:173)
at org.testng.internal.MethodRunner.runInSequence(MethodRunner.java:46)
at org.testng.internal.TestInvoker$MethodInvocationAgent.invoke(TestInvoker.java:824)
at org.testng.internal.TestInvoker.invokeTestMethods(TestInvoker.java:146)
at org.testng.internal.TestMethodWorker.invokeTestMethods(TestMethodWorker.java:146)
at org.testng.internal.TestMethodWorker.run(TestMethodWorker.java:128)
at java.base/java.util.concurrent.ThreadPoolExecutor.runWorker(ThreadPoolExecutor.java:1130)
at java.base/java.util.concurrent.ThreadPoolExecutor$Worker.run(ThreadPoolExecutor.java:630)
at java.base/java.lang.Thread.run(Thread.java:832)
]]>
            </full-stacktrace>
          </exception> <!-- java.lang.AssertionError -->
          <reporter-output>
          </reporter-output>
        </test-method> <!-- executeTest -->
        <test-method is-config="true" signature="tearDown()[pri:0, instance:com.finance.yahoo.test.testcases.YahooSignUp@123f1134]" started-at="2021-04-24T18:41:23 EEST" name="tearDown" finished-at="2021-04-24T18:41:23 EEST" duration-ms="845" status="PASS">
          <reporter-output>
          </reporter-output>
        </test-method> <!-- tearDown -->
        <test-method is-config="true" signature="setUp()[pri:0, instance:com.finance.yahoo.test.testcases.YahooSignUp@123f1134]" started-at="2021-04-24T18:41:23 EEST" name="setUp" finished-at="2021-04-24T18:41:26 EEST" duration-ms="2254" status="PASS">
          <reporter-output>
          </reporter-output>
        </test-method> <!-- setUp -->
        <test-method signature="executeTest(java.lang.String,java.lang.String,java.lang.String,java.lang.String,java.lang.String,java.lang.String,java.lang.String,java.lang.String)[pri:0, instance:com.finance.yahoo.test.testcases.YahooSignUp@123f1134]" started-at="2021-04-24T18:41:26 EEST" name="executeTest" data-provider="login-Data" finished-at="2021-04-24T18:41:41 EEST" duration-ms="15642" status="FAIL">
          <params>
            <param index="0">
              <value>
                <![CDATA[asdasd]]>
              </value>
            </param>
            <param index="1">
              <value>
                <![CDATA[asdasd]]>
              </value>
            </param>
            <param index="2">
              <value>
                <![CDATA[asdy]]>
              </value>
            </param>
            <param index="3">
              <value>
                <![CDATA[d]]>
              </value>
            </param>
            <param index="4">
              <value>
                <![CDATA[dad]]>
              </value>
            </param>
            <param index="5">
              <value>
                <![CDATA[2]]>
              </value>
            </param>
            <param index="6">
              <value>
                <![CDATA[4]]>
              </value>
            </param>
            <param index="7">
              <value>
                <![CDATA[1]]>
              </value>
            </param>
          </params>
          <exception class="java.lang.AssertionError">
            <message>
              <![CDATA[The following asserts failed:
expected [This email address is not available for sign up, try something else] but found [],
expected [Your password isn’t strong enough, try making it longer.] but found [],
expected [That doesn’t look right, please re-enter your birthday.] but found []]]>
            </message>
            <full-stacktrace>
              <![CDATA[java.lang.AssertionError: The following asserts failed:
expected [This email address is not available for sign up, try something else] but found [],
expected [Your password isn’t strong enough, try making it longer.] but found [],
expected [That doesn’t look right, please re-enter your birthday.] but found []
at org.testng.asserts.SoftAssert.assertAll(SoftAssert.java:47)
at org.testng.asserts.SoftAssert.assertAll(SoftAssert.java:31)
at com.finance.yahoo.test.testcases.YahooSignUp.executeTest(YahooSignUp.java:40)
at java.base/jdk.internal.reflect.NativeMethodAccessorImpl.invoke0(Native Method)
at java.base/jdk.internal.reflect.NativeMethodAccessorImpl.invoke(NativeMethodAccessorImpl.java:64)
at java.base/jdk.internal.reflect.DelegatingMethodAccessorImpl.invoke(DelegatingMethodAccessorImpl.java:43)
at java.base/java.lang.reflect.Method.invoke(Method.java:564)
at org.testng.internal.MethodInvocationHelper.invokeMethod(MethodInvocationHelper.java:133)
at org.testng.internal.TestInvoker.invokeMethod(TestInvoker.java:598)
at org.testng.internal.TestInvoker.invokeTestMethod(TestInvoker.java:173)
at org.testng.internal.MethodRunner.runInSequence(MethodRunner.java:46)
at org.testng.internal.TestInvoker$MethodInvocationAgent.invoke(TestInvoker.java:824)
at org.testng.internal.TestInvoker.invokeTestMethods(TestInvoker.java:146)
at org.testng.internal.TestMethodWorker.invokeTestMethods(TestMethodWorker.java:146)
at org.testng.internal.TestMethodWorker.run(TestMethodWorker.java:128)
at java.base/java.util.concurrent.ThreadPoolExecutor.runWorker(ThreadPoolExecutor.java:1130)
at java.base/java.util.concurrent.ThreadPoolExecutor$Worker.run(ThreadPoolExecutor.java:630)
at java.base/java.lang.Thread.run(Thread.java:832)
]]>
            </full-stacktrace>
          </exception> <!-- java.lang.AssertionError -->
          <reporter-output>
          </reporter-output>
        </test-method> <!-- executeTest -->
        <test-method is-config="true" signature="tearDown()[pri:0, instance:com.finance.yahoo.test.testcases.YahooSignUp@123f1134]" started-at="2021-04-24T18:41:41 EEST" name="tearDown" finished-at="2021-04-24T18:41:42 EEST" duration-ms="724" status="PASS">
          <reporter-output>
          </reporter-output>
        </test-method> <!-- tearDown -->
      </class> <!-- com.finance.yahoo.test.testcases.YahooSignUp -->
      <class name="com.finance.yahoo.test.testcases.CheckStatistics">
        <test-method is-config="true" signature="setUp()[pri:0, instance:com.finance.yahoo.test.testcases.CheckStatistics@18a70f16]" started-at="2021-04-24T18:41:02 EEST" name="setUp" finished-at="2021-04-24T18:41:06 EEST" duration-ms="3206" status="PASS">
          <reporter-output>
          </reporter-output>
        </test-method> <!-- setUp -->
        <test-method signature="executeTest(java.lang.String,java.lang.String,java.lang.String)[pri:0, instance:com.finance.yahoo.test.testcases.CheckStatistics@18a70f16]" started-at="2021-04-24T18:41:06 EEST" name="executeTest" data-provider="companies-Data" finished-at="2021-04-24T18:41:26 EEST" duration-ms="20274" status="PASS">
          <params>
            <param index="0">
              <value>
                <![CDATA[Apple]]>
              </value>
            </param>
            <param index="1">
              <value>
                <![CDATA[0.82 (0.62%)]]>
              </value>
            </param>
            <param index="2">
              <value>
                <![CDATA[34.13]]>
              </value>
            </param>
          </params>
          <reporter-output>
          </reporter-output>
        </test-method> <!-- executeTest -->
        <test-method is-config="true" signature="tearDown()[pri:0, instance:com.finance.yahoo.test.testcases.CheckStatistics@18a70f16]" started-at="2021-04-24T18:41:26 EEST" name="tearDown" finished-at="2021-04-24T18:41:27 EEST" duration-ms="686" status="PASS">
          <reporter-output>
          </reporter-output>
        </test-method> <!-- tearDown -->
        <test-method is-config="true" signature="setUp()[pri:0, instance:com.finance.yahoo.test.testcases.CheckStatistics@18a70f16]" started-at="2021-04-24T18:41:27 EEST" name="setUp" finished-at="2021-04-24T18:41:29 EEST" duration-ms="2362" status="PASS">
          <reporter-output>
          </reporter-output>
        </test-method> <!-- setUp -->
        <test-method signature="executeTest(java.lang.String,java.lang.String,java.lang.String)[pri:0, instance:com.finance.yahoo.test.testcases.CheckStatistics@18a70f16]" started-at="2021-04-24T18:41:29 EEST" name="executeTest" data-provider="companies-Data" finished-at="2021-04-24T18:41:47 EEST" duration-ms="17647" status="PASS">
          <params>
            <param index="0">
              <value>
                <![CDATA[Amazon]]>
              </value>
            </param>
            <param index="1">
              <value>
                <![CDATA[N/A (N/A)]]>
              </value>
            </param>
            <param index="2">
              <value>
                <![CDATA[17.99]]>
              </value>
            </param>
          </params>
          <reporter-output>
          </reporter-output>
        </test-method> <!-- executeTest -->
        <test-method is-config="true" signature="tearDown()[pri:0, instance:com.finance.yahoo.test.testcases.CheckStatistics@18a70f16]" started-at="2021-04-24T18:41:47 EEST" name="tearDown" finished-at="2021-04-24T18:41:47 EEST" duration-ms="749" status="PASS">
          <reporter-output>
          </reporter-output>
        </test-method> <!-- tearDown -->
      </class> <!-- com.finance.yahoo.test.testcases.CheckStatistics -->
    </test> <!-- Selenium Course Suite tests -->
  </suite> <!-- Test Demo Suite -->
</testng-results>
